Release 14.7 - xst P.20131013 (lin64)
Copyright (c) 1995-2013 Xilinx, Inc.  All rights reserved.
--> 
Parameter TMPDIR set to xst/projnav.tmp


Total REAL time to Xst completion: 0.00 secs
Total CPU time to Xst completion: 0.16 secs
 
--> 
Parameter xsthdpdir set to xst


Total REAL time to Xst completion: 0.00 secs
Total CPU time to Xst completion: 0.16 secs
 
--> 
Reading design: MULTIPLICADOR_4BITS.prj

TABLE OF CONTENTS
  1) Synthesis Options Summary
  2) HDL Compilation
  3) Design Hierarchy Analysis
  4) HDL Analysis
  5) HDL Synthesis
     5.1) HDL Synthesis Report
  6) Advanced HDL Synthesis
     6.1) Advanced HDL Synthesis Report
  7) Low Level Synthesis
  8) Partition Report
  9) Final Report
	9.1) Device utilization summary
	9.2) Partition Resource Summary
	9.3) TIMING REPORT


=========================================================================
*                      Synthesis Options Summary                        *
=========================================================================
---- Source Parameters
Input File Name                    : "MULTIPLICADOR_4BITS.prj"
Input Format                       : mixed
Ignore Synthesis Constraint File   : NO

---- Target Parameters
Output File Name                   : "MULTIPLICADOR_4BITS"
Output Format                      : NGC
Target Device                      : xc3s700an-4-fgg484

---- Source Options
Top Module Name                    : MULTIPLICADOR_4BITS
Automatic FSM Extraction           : YES
FSM Encoding Algorithm             : Auto
Safe Implementation                : No
FSM Style                          : LUT
RAM Extraction                     : Yes
RAM Style                          : Auto
ROM Extraction                     : Yes
Mux Style                          : Auto
Decoder Extraction                 : YES
Priority Encoder Extraction        : Yes
Shift Register Extraction          : YES
Logical Shifter Extraction         : YES
XOR Collapsing                     : YES
ROM Style                          : Auto
Mux Extraction                     : Yes
Resource Sharing                   : YES
Asynchronous To Synchronous        : NO
Multiplier Style                   : Auto
Automatic Register Balancing       : No

---- Target Options
Add IO Buffers                     : YES
Global Maximum Fanout              : 500
Add Generic Clock Buffer(BUFG)     : 24
Register Duplication               : YES
Slice Packing                      : YES
Optimize Instantiated Primitives   : NO
Use Clock Enable                   : Yes
Use Synchronous Set                : Yes
Use Synchronous Reset              : Yes
Pack IO Registers into IOBs        : Auto
Equivalent register Removal        : YES

---- General Options
Optimization Goal                  : Speed
Optimization Effort                : 1
Keep Hierarchy                     : No
Netlist Hierarchy                  : As_Optimized
RTL Output                         : Yes
Global Optimization                : AllClockNets
Read Cores                         : YES
Write Timing Constraints           : NO
Cross Clock Analysis               : NO
Hierarchy Separator                : /
Bus Delimiter                      : <>
Case Specifier                     : Maintain
Slice Utilization Ratio            : 100
BRAM Utilization Ratio             : 100
Verilog 2001                       : YES
Auto BRAM Packing                  : NO
Slice Utilization Ratio Delta      : 5

=========================================================================


=========================================================================
*                          HDL Compilation                              *
=========================================================================
Compiling vhdl file "/home/gabriel-milan/GIT_REPOS/digitalsystems-01/MULTIPLICADOR_4BITS_v2/ADDER_1BIT.vhd" in Library work.
Architecture behavioral of Entity adder_1bit is up to date.
Compiling vhdl file "/home/gabriel-milan/GIT_REPOS/digitalsystems-01/MULTIPLICADOR_4BITS_v2/MULTIPLICADOR_4BITS.vhd" in Library work.
Entity <multiplicador_4bits> compiled.
Entity <multiplicador_4bits> (Architecture <behavioral>) compiled.

=========================================================================
*                     Design Hierarchy Analysis                         *
=========================================================================
Analyzing hierarchy for entity <MULTIPLICADOR_4BITS> in library <work> (architecture <behavioral>).

Analyzing hierarchy for entity <ADDER_1BIT> in library <work> (architecture <behavioral>).


=========================================================================
*                            HDL Analysis                               *
=========================================================================
Analyzing Entity <MULTIPLICADOR_4BITS> in library <work> (Architecture <behavioral>).
WARNING:Xst:753 - "/home/gabriel-milan/GIT_REPOS/digitalsystems-01/MULTIPLICADOR_4BITS_v2/MULTIPLICADOR_4BITS.vhd" line 67: Unconnected output port 'Cout' of component 'ADDER_1BIT'.
Entity <MULTIPLICADOR_4BITS> analyzed. Unit <MULTIPLICADOR_4BITS> generated.

Analyzing Entity <ADDER_1BIT> in library <work> (Architecture <behavioral>).
Entity <ADDER_1BIT> analyzed. Unit <ADDER_1BIT> generated.


=========================================================================
*                           HDL Synthesis                               *
=========================================================================

Performing bidirectional port resolution...

Synthesizing Unit <ADDER_1BIT>.
    Related source file is "/home/gabriel-milan/GIT_REPOS/digitalsystems-01/MULTIPLICADOR_4BITS_v2/ADDER_1BIT.vhd".
    Found 1-bit xor3 for signal <S>.
    Summary:
	inferred   1 Xor(s).
Unit <ADDER_1BIT> synthesized.


Synthesizing Unit <MULTIPLICADOR_4BITS>.
    Related source file is "/home/gabriel-milan/GIT_REPOS/digitalsystems-01/MULTIPLICADOR_4BITS_v2/MULTIPLICADOR_4BITS.vhd".
Unit <MULTIPLICADOR_4BITS> synthesized.


=========================================================================
HDL Synthesis Report

Macro Statistics
# Xors                                                 : 6
 1-bit xor3                                            : 6

=========================================================================

=========================================================================
*                       Advanced HDL Synthesis                          *
=========================================================================


=========================================================================
Advanced HDL Synthesis Report

Macro Statistics
# Xors                                                 : 6
 1-bit xor3                                            : 6

=========================================================================

=========================================================================
*                         Low Level Synthesis                           *
=========================================================================

Optimizing unit <MULTIPLICADOR_4BITS> ...

Mapping all equations...
Building and optimizing final netlist ...
Found area constraint ratio of 100 (+ 5) on block MULTIPLICADOR_4BITS, actual ratio is 0.

Final Macro Processing ...

=========================================================================
Final Register Report

Found no macro
=========================================================================

=========================================================================
*                           Partition Report                            *
=========================================================================

Partition Implementation Status
-------------------------------

  No Partitions were found in this design.

-------------------------------

=========================================================================
*                            Final Report                               *
=========================================================================
Final Results
RTL Top Level Output File Name     : MULTIPLICADOR_4BITS.ngr
Top Level Output File Name         : MULTIPLICADOR_4BITS
Output Format                      : NGC
Optimization Goal                  : Speed
Keep Hierarchy                     : No

Design Statistics
# IOs                              : 12

Cell Usage :
# BELS                             : 13
#      LUT2                        : 5
#      LUT3                        : 1
#      LUT4                        : 7
# IO Buffers                       : 12
#      IBUF                        : 8
#      OBUF                        : 4
=========================================================================

Device utilization summary:
---------------------------

Selected Device : 3s700anfgg484-4 

 Number of Slices:                        7  out of   5888     0%  
 Number of 4 input LUTs:                 13  out of  11776     0%  
 Number of IOs:                          12
 Number of bonded IOBs:                  12  out of    372     3%  

---------------------------
Partition Resource Summary:
---------------------------

  No Partitions were found in this design.

---------------------------


=========================================================================
TIMING REPORT

NOTE: THESE TIMING NUMBERS ARE ONLY A SYNTHESIS ESTIMATE.
      FOR ACCURATE TIMING INFORMATION PLEASE REFER TO THE TRACE REPORT
      GENERATED AFTER PLACE-and-ROUTE.

Clock Information:
------------------
No clock signals found in this design

Asynchronous Control Signals Information:
----------------------------------------
No asynchronous control signals found in this design

Timing Summary:
---------------
Speed Grade: -4

   Minimum period: No path found
   Minimum input arrival time before clock: No path found
   Maximum output required time after clock: No path found
   Maximum combinational path delay: 11.857ns

Timing Detail:
--------------
All values displayed in nanoseconds (ns)

=========================================================================
Timing constraint: Default path analysis
  Total number of paths / destination ports: 48 / 4
-------------------------------------------------------------------------
Delay:               11.857ns (Levels of Logic = 7)
  Source:            B<0> (PAD)
  Destination:       Z<3> (PAD)

  Data Path: B<0> to Z<3>
                                Gate     Net
    Cell:in->out      fanout   Delay   Delay  Logical Name (Net Name)
    ----------------------------------------  ------------
     IBUF:I->O             6   0.849   0.749  B_0_IBUF (B_0_IBUF)
     LUT4:I1->O            2   0.643   0.590  U1/Cout_and00001 (CoutZ1)
     LUT4:I0->O            2   0.648   0.590  U3/Cout1 (CoutZ2)
     LUT4:I0->O            1   0.648   0.452  U4/Cout1 (Cout4)
     LUT4:I2->O            1   0.648   0.452  U6/Mxor_S_xo<0>_SW1 (N8)
     LUT3:I2->O            1   0.648   0.420  U6/Mxor_S_xo<0> (Z_3_OBUF)
     OBUF:I->O                 4.520          Z_3_OBUF (Z<3>)
    ----------------------------------------
    Total                     11.857ns (8.604ns logic, 3.253ns route)
                                       (72.6% logic, 27.4% route)

=========================================================================


Total REAL time to Xst completion: 40.00 secs
Total CPU time to Xst completion: 17.83 secs
 
--> 


Total memory usage is 510724 kilobytes

Number of errors   :    0 (   0 filtered)
Number of warnings :    1 (   0 filtered)
Number of infos    :    0 (   0 filtered)

