Command line:
   simulator_isim_beh.exe
     -simmode  gui
     -simrunnum  0
     -socket  52225

Fri Oct  5 13:04:56 2018


 Elaboration Time: 0.07 sec

 Current Memory Usage: 195.916 Meg

 Total Signals          : 55
 Total Nets             : 32
 Total Signal Drivers   : 25
 Total Blocks           : 9
 Total Primitive Blocks : 7
 Total Processes        : 24
 Total Traceable Variables  : 9
 Total Scalar Nets and Variables : 393
Total Line Count : 31

 Total Simulation Time: 0.07 sec

 Current Memory Usage: 271.417 Meg

Fri Oct  5 13:05:59 2018

